[debug] [2025-06-04T02:47:36.768Z] ----------------------------------------------------------------------
[debug] [2025-06-04T02:47:36.772Z] Command:       C:\Program Files\nodejs\node.exe C:\Users\user\AppData\Roaming\npm\node_modules\firebase-tools\lib\bin\firebase.js init hosting
[debug] [2025-06-04T02:47:36.773Z] CLI Version:   14.5.1
[debug] [2025-06-04T02:47:36.773Z] Platform:      win32
[debug] [2025-06-04T02:47:36.773Z] Node Version:  v20.17.0
[debug] [2025-06-04T02:47:36.773Z] Time:          Wed Jun 04 2025 09:47:36 GMT+0700 (Indochina Time)
[debug] [2025-06-04T02:47:36.773Z] ----------------------------------------------------------------------
[debug] 
[debug] [2025-06-04T02:47:37.110Z] > command requires scopes: ["email","openid","https://www.googleapis.com/auth/cloudplatformprojects.readonly","https://www.googleapis.com/auth/firebase","https://www.googleapis.com/auth/cloud-platform"]
[debug] [2025-06-04T02:47:37.111Z] > authorizing via signed-in user (basilshan59@gmail.com)
[info] 
     ######## #### ########  ######## ########     ###     ######  ########
     ##        ##  ##     ## ##       ##     ##  ##   ##  ##       ##
     ######    ##  ########  ######   ########  #########  ######  ######
     ##        ##  ##    ##  ##       ##     ## ##     ##       ## ##
     ##       #### ##     ## ######## ########  ##     ##  ######  ########

You're about to initialize a Firebase project in this directory:

  C:\Users\user\OneDrive\Desktop\All\ZappyChat

Before we get started, keep in mind:

  * You are initializing within an existing Firebase project directory

[info] 
=== Project Setup
[info] 
[info] First, let's associate this project directory with a Firebase project.
[info] You can create multiple project aliases by running firebase use --add, 
[info] but for now we'll just set up a default project.
[info] 
[debug] [2025-06-04T02:47:40.659Z] Using project from CLI flag: zappychat-3106e
[debug] [2025-06-04T02:47:40.662Z] Checked if tokens are valid: true, expires at: 1749008546813
[debug] [2025-06-04T02:47:40.663Z] Checked if tokens are valid: true, expires at: 1749008546813
[debug] [2025-06-04T02:47:40.665Z] >>> [apiv2][query] GET https://firebase.googleapis.com/v1beta1/projects/zappychat-3106e [none]
[debug] [2025-06-04T02:47:41.179Z] <<< [apiv2][status] GET https://firebase.googleapis.com/v1beta1/projects/zappychat-3106e 200
[debug] [2025-06-04T02:47:41.179Z] <<< [apiv2][body] GET https://firebase.googleapis.com/v1beta1/projects/zappychat-3106e {"projectId":"zappychat-3106e","projectNumber":"101357780490","displayName":"ZappyChat","name":"projects/zappychat-3106e","resources":{"hostingSite":"zappychat-3106e"},"state":"ACTIVE","etag":"1_25cefff6-311b-4f86-9998-71645c6d0d47"}
[info] i  Using project zappychat-3106e (ZappyChat) 
[info] 
=== Hosting Setup
[debug] [2025-06-04T02:47:41.190Z] Checked if tokens are valid: true, expires at: 1749008546813
[debug] [2025-06-04T02:47:41.190Z] Checked if tokens are valid: true, expires at: 1749008546813
[debug] [2025-06-04T02:47:41.190Z] >>> [apiv2][query] GET https://firebase.googleapis.com/v1beta1/projects/zappychat-3106e [none]
[debug] [2025-06-04T02:47:41.549Z] <<< [apiv2][status] GET https://firebase.googleapis.com/v1beta1/projects/zappychat-3106e 200
[debug] [2025-06-04T02:47:41.550Z] <<< [apiv2][body] GET https://firebase.googleapis.com/v1beta1/projects/zappychat-3106e {"projectId":"zappychat-3106e","projectNumber":"101357780490","displayName":"ZappyChat","name":"projects/zappychat-3106e","resources":{"hostingSite":"zappychat-3106e"},"state":"ACTIVE","etag":"1_25cefff6-311b-4f86-9998-71645c6d0d47"}
[info] 
[info] Your public directory is the folder (relative to your project directory) that
[info] will contain Hosting assets to be uploaded with firebase deploy. If you
[info] have a build process for your assets, use your build's output directory.
[info] 
[debug] [2025-06-04T02:47:59.408Z] >>> [apiv2][query] GET https://www.gstatic.com/firebasejs/releases.json [none]
[debug] [2025-06-04T02:47:59.657Z] <<< [apiv2][status] GET https://www.gstatic.com/firebasejs/releases.json 200
[debug] [2025-06-04T02:47:59.657Z] <<< [apiv2][body] GET https://www.gstatic.com/firebasejs/releases.json {"current":{"version":"11.8.1","browserURL":"https://www.gstatic.com/firebasejs/11.8.1/firebase.js","packageURL":"https://www.gstatic.com/firebasejs/11.8.1/firebase.tgz"},"live":{"version":"11.8","browserURL":"https://www.gstatic.com/firebasejs/live/11.8/firebase.js","packageURL":"https://www.gstatic.com/firebasejs/live/11.8/firebase.tgz"},"components":{"ai":"https://www.gstatic.com/firebasejs/11.8.1/firebase-ai.js","analytics":"https://www.gstatic.com/firebasejs/11.8.1/firebase-analytics.js","app":"https://www.gstatic.com/firebasejs/11.8.1/firebase-app.js","app-check":"https://www.gstatic.com/firebasejs/11.8.1/firebase-app-check.js","auth":"https://www.gstatic.com/firebasejs/11.8.1/firebase-auth.js","auth/cordova":"https://www.gstatic.com/firebasejs/11.8.1/firebase-auth/cordova.js","auth/web-extension":"https://www.gstatic.com/firebasejs/11.8.1/firebase-auth/web-extension.js","functions":"https://www.gstatic.com/firebasejs/11.8.1/firebase-functions.js","firestore":"https://www.gstatic.com/firebasejs/11.8.1/firebase-firestore.js","firestore/lite":"https://www.gstatic.com/firebasejs/11.8.1/firebase-firestore/lite.js","installations":"https://www.gstatic.com/firebasejs/11.8.1/firebase-installations.js","storage":"https://www.gstatic.com/firebasejs/11.8.1/firebase-storage.js","performance":"https://www.gstatic.com/firebasejs/11.8.1/firebase-performance.js","remote-config":"https://www.gstatic.com/firebasejs/11.8.1/firebase-remote-config.js","messaging":"https://www.gstatic.com/firebasejs/11.8.1/firebase-messaging.js","messaging/sw":"https://www.gstatic.com/firebasejs/11.8.1/firebase-messaging/sw.js","database":"https://www.gstatic.com/firebasejs/11.8.1/firebase-database.js","vertexai":"https://www.gstatic.com/firebasejs/11.8.1/firebase-vertexai.js","data-connect":"https://www.gstatic.com/firebasejs/11.8.1/firebase-data-connect.js","firestore.memory":"https://www.gstatic.com/firebasejs/11.8.1/firebase-firestore.memory.js"}}
[debug] [2025-06-04T02:47:59.857Z] Error: ENOTDIR: not a directory, scandir 'C:\Users\user\OneDrive\Desktop\All\ZappyChat\y'
    at Object.readdirSync (node:fs:1507:26)
    at Object.createFileSync (C:\Users\user\AppData\Roaming\npm\node_modules\firebase-tools\node_modules\fs-extra\lib\ensure\file.js:55:10)
    at Config.writeProjectFile (C:\Users\user\AppData\Roaming\npm\node_modules\firebase-tools\lib\config.js:160:12)
    at Config.askWriteProjectFile (C:\Users\user\AppData\Roaming\npm\node_modules\firebase-tools\lib\config.js:208:14)
    at process.processTicksAndRejections (node:internal/process/task_queues:95:5)
    at async Object.doSetup (C:\Users\user\AppData\Roaming\npm\node_modules\firebase-tools\lib\init\features\hosting\index.js:157:9)
    at async init (C:\Users\user\AppData\Roaming\npm\node_modules\firebase-tools\lib\init\index.js:57:13)
    at async Command.initAction [as actionFn] (C:\Users\user\AppData\Roaming\npm\node_modules\firebase-tools\lib\commands\init.js:187:5)
[error] 
[error] Error: An unexpected error has occurred.
